{"/Users/a.winogrodzki/projects/react-loading-hook/src/useLoadingCallback.ts": {"path":"/Users/a.winogrodzki/projects/react-loading-hook/src/useLoadingCallback.ts","statementMap":{"0":{"start":{"line":1,"column":0},"end":{"line":1,"column":33}},"1":{"start":{"line":10,"column":13},"end":{"line":37,"column":2}},"2":{"start":{"line":13,"column":36},"end":{"line":13,"column":51}},"3":{"start":{"line":13,"column":18},"end":{"line":13,"column":20}},"4":{"start":{"line":13,"column":32},"end":{"line":13,"column":36}},"5":{"start":{"line":14,"column":28},"end":{"line":14,"column":55}},"6":{"start":{"line":14,"column":14},"end":{"line":14,"column":16}},"7":{"start":{"line":14,"column":24},"end":{"line":14,"column":28}},"8":{"start":{"line":16,"column":25},"end":{"line":29,"column":4}},"9":{"start":{"line":16,"column":32},"end":{"line":16,"column":54}},"10":{"start":{"line":17,"column":4},"end":{"line":17,"column":24}},"11":{"start":{"line":18,"column":4},"end":{"line":18,"column":23}},"12":{"start":{"line":21,"column":20},"end":{"line":21,"column":43}},"13":{"start":{"line":21,"column":12},"end":{"line":21,"column":null}},"14":{"start":{"line":22,"column":6},"end":{"line":22,"column":26}},"15":{"start":{"line":23,"column":6},"end":{"line":23,"column":19}},"16":{"start":{"line":25,"column":6},"end":{"line":25,"column":18}},"17":{"start":{"line":26,"column":6},"end":{"line":26,"column":26}},"18":{"start":{"line":27,"column":6},"end":{"line":27,"column":14}},"19":{"start":{"line":31,"column":16},"end":{"line":34,"column":3}},"20":{"start":{"line":32,"column":4},"end":{"line":32,"column":24}},"21":{"start":{"line":33,"column":4},"end":{"line":33,"column":24}},"22":{"start":{"line":36,"column":2},"end":{"line":36,"column":73}}},"fnMap":{"0":{"name":"(anonymous_13)","decl":{"start":{"line":10,"column":34},"end":{"line":10,"column":null}},"loc":{"start":{"line":11,"column":13},"end":{"line":37,"column":1}}},"1":{"name":"(anonymous_14)","decl":{"start":{"line":16,"column":25},"end":{"line":16,"column":32}},"loc":{"start":{"line":16,"column":25},"end":{"line":29,"column":4}}},"2":{"name":"(anonymous_17)","decl":{"start":{"line":31,"column":16},"end":{"line":31,"column":null}},"loc":{"start":{"line":31,"column":16},"end":{"line":34,"column":3}}}},"branchMap":{},"s":{"0":1,"1":1,"2":15,"3":15,"4":15,"5":15,"6":15,"7":15,"8":15,"9":8,"10":4,"11":4,"12":4,"13":4,"14":2,"15":2,"16":2,"17":2,"18":2,"19":15,"20":1,"21":1,"22":15},"f":{"0":15,"1":4,"2":1},"b":{}}
}
